C:\USERS\ROBERT\PROGRAMMING-EXPERIMENTS\LANGUAGES\C++\HELLOWORLD\HELLOLOOPS\DEBUG\HELLOLOOPS.OBJ
C:\USERS\ROBERT\PROGRAMMING-EXPERIMENTS\LANGUAGES\C++\HELLOWORLD\HELLOLOOPS\DEBUG\VC100.PDB
C:\USERS\ROBERT\PROGRAMMING-EXPERIMENTS\LANGUAGES\C++\HELLOWORLD\DEBUG\HELLOLOOPS.ILK
C:\USERS\ROBERT\PROGRAMMING-EXPERIMENTS\LANGUAGES\C++\HELLOWORLD\DEBUG\HELLOLOOPS.EXE
C:\USERS\ROBERT\PROGRAMMING-EXPERIMENTS\LANGUAGES\C++\HELLOWORLD\HELLOLOOPS\DEBUG\HELLOLOOPS.EXE.INTERMEDIATE.MANIFEST
C:\USERS\ROBERT\PROGRAMMING-EXPERIMENTS\LANGUAGES\C++\HELLOWORLD\DEBUG\HELLOLOOPS.PDB
C:\USERS\ROBERT\PROGRAMMING-EXPERIMENTS\LANGUAGES\C++\HELLOWORLD\HELLOLOOPS\DEBUG\HELLOLOOPS.EXE.EMBED.MANIFEST
C:\USERS\ROBERT\PROGRAMMING-EXPERIMENTS\LANGUAGES\C++\HELLOWORLD\HELLOLOOPS\DEBUG\HELLOLOOPS.EXE.EMBED.MANIFEST.RES
C:\Users\Robert\Dropbox\code\C++\HelloWorld\HelloLoops\Debug\HelloLoops.obj
C:\Users\Robert\Dropbox\code\C++\HelloWorld\HelloLoops\Debug\cl.command.1.tlog
C:\Users\Robert\Dropbox\code\C++\HelloWorld\HelloLoops\Debug\CL.read.1.tlog
C:\Users\Robert\Dropbox\code\C++\HelloWorld\HelloLoops\Debug\CL.write.1.tlog
C:\Users\Robert\Dropbox\code\C++\HelloWorld\HelloLoops\Debug\link-cvtres.read.1.tlog
C:\Users\Robert\Dropbox\code\C++\HelloWorld\HelloLoops\Debug\link-cvtres.write.1.tlog
C:\Users\Robert\Dropbox\code\C++\HelloWorld\HelloLoops\Debug\link.4960-cvtres.read.1.tlog
C:\Users\Robert\Dropbox\code\C++\HelloWorld\HelloLoops\Debug\link.4960-cvtres.write.1.tlog
C:\Users\Robert\Dropbox\code\C++\HelloWorld\HelloLoops\Debug\link.4960.read.1.tlog
C:\Users\Robert\Dropbox\code\C++\HelloWorld\HelloLoops\Debug\link.4960.write.1.tlog
C:\Users\Robert\Dropbox\code\C++\HelloWorld\HelloLoops\Debug\link.command.1.tlog
C:\Users\Robert\Dropbox\code\C++\HelloWorld\HelloLoops\Debug\link.read.1.tlog
C:\Users\Robert\Dropbox\code\C++\HelloWorld\HelloLoops\Debug\link.write.1.tlog
C:\Users\Robert\Dropbox\code\C++\HelloWorld\HelloLoops\Debug\mt.command.1.tlog
C:\Users\Robert\Dropbox\code\C++\HelloWorld\HelloLoops\Debug\mt.read.1.tlog
C:\Users\Robert\Dropbox\code\C++\HelloWorld\HelloLoops\Debug\mt.write.1.tlog
C:\Users\Robert\Dropbox\code\C++\HelloWorld\HelloLoops\Debug\rc.command.1.tlog
C:\Users\Robert\Dropbox\code\C++\HelloWorld\HelloLoops\Debug\rc.read.1.tlog
C:\Users\Robert\Dropbox\code\C++\HelloWorld\HelloLoops\Debug\rc.write.1.tlog
C:\Users\Robert\Dropbox\code\C++\HelloWorld\HelloLoops\Debug\HelloLoops.exe.embed.manifest
C:\Users\Robert\Dropbox\code\C++\HelloWorld\HelloLoops\Debug\HelloLoops.exe.intermediate.manifest
C:\Users\Robert\Dropbox\code\C++\HelloWorld\HelloLoops\Debug\HelloLoops.exe.embed.manifest.res
C:\Users\Robert\Dropbox\code\C++\HelloWorld\HelloLoops\Debug\vc100.idb
C:\Users\Robert\Dropbox\code\C++\HelloWorld\HelloLoops\Debug\vc100.pdb
C:\Users\Robert\Dropbox\code\C++\HelloWorld\HelloLoops\Debug\HelloLoops_manifest.rc
C:\Users\Robert\Dropbox\code\C++\HelloWorld\Debug\HelloLoops.pdb
C:\Users\Robert\Dropbox\code\C++\HelloWorld\Debug\HelloLoops.exe
C:\Users\Robert\Dropbox\code\C++\HelloWorld\Debug\HelloLoops.ilk
