C:\USERS\ROBERT\PROGRAMMING-EXPERIMENTS\LANGUAGES\C++\TEXTFILEINFO\COUNTUNIXLINES\DEBUG\COUNTUNIXLINES.OBJ
C:\USERS\ROBERT\PROGRAMMING-EXPERIMENTS\LANGUAGES\C++\TEXTFILEINFO\COUNTUNIXLINES\DEBUG\VC100.PDB
C:\USERS\ROBERT\PROGRAMMING-EXPERIMENTS\LANGUAGES\C++\TEXTFILEINFO\DEBUG\COUNTUNIXLINES.ILK
C:\USERS\ROBERT\PROGRAMMING-EXPERIMENTS\LANGUAGES\C++\TEXTFILEINFO\DEBUG\COUNTUNIXLINES.EXE
C:\USERS\ROBERT\PROGRAMMING-EXPERIMENTS\LANGUAGES\C++\TEXTFILEINFO\COUNTUNIXLINES\DEBUG\COUNTUNIXLINES.EXE.INTERMEDIATE.MANIFEST
C:\USERS\ROBERT\PROGRAMMING-EXPERIMENTS\LANGUAGES\C++\TEXTFILEINFO\DEBUG\COUNTUNIXLINES.PDB
C:\Users\Robert\Dropbox\code\C++\TextFileInfo\CountUnixLines\Debug\CountUnixLines.obj
C:\Users\Robert\Dropbox\code\C++\TextFileInfo\CountUnixLines\Debug\cl.command.1.tlog
C:\Users\Robert\Dropbox\code\C++\TextFileInfo\CountUnixLines\Debug\CL.read.1.tlog
C:\Users\Robert\Dropbox\code\C++\TextFileInfo\CountUnixLines\Debug\CL.write.1.tlog
C:\Users\Robert\Dropbox\code\C++\TextFileInfo\CountUnixLines\Debug\link.command.1.tlog
C:\Users\Robert\Dropbox\code\C++\TextFileInfo\CountUnixLines\Debug\link.read.1.tlog
C:\Users\Robert\Dropbox\code\C++\TextFileInfo\CountUnixLines\Debug\link.write.1.tlog
C:\Users\Robert\Dropbox\code\C++\TextFileInfo\CountUnixLines\Debug\mt.command.1.tlog
C:\Users\Robert\Dropbox\code\C++\TextFileInfo\CountUnixLines\Debug\mt.read.1.tlog
C:\Users\Robert\Dropbox\code\C++\TextFileInfo\CountUnixLines\Debug\mt.write.1.tlog
C:\Users\Robert\Dropbox\code\C++\TextFileInfo\CountUnixLines\Debug\CountUnixLines.exe.intermediate.manifest
C:\Users\Robert\Dropbox\code\C++\TextFileInfo\CountUnixLines\Debug\vc100.idb
C:\Users\Robert\Dropbox\code\C++\TextFileInfo\CountUnixLines\Debug\vc100.pdb
C:\Users\Robert\Dropbox\code\C++\TextFileInfo\Debug\CountUnixLines.pdb
C:\Users\Robert\Dropbox\code\C++\TextFileInfo\Debug\CountUnixLines.exe
C:\Users\Robert\Dropbox\code\C++\TextFileInfo\Debug\CountUnixLines.ilk
