C:\USERS\ROBERT\PROGRAMMING-EXPERIMENTS\LANGUAGES\C++\TEXTFILEINFO\TEXTFILEINFO\DEBUG\TEXTFILEINFO.OBJ
C:\USERS\ROBERT\PROGRAMMING-EXPERIMENTS\LANGUAGES\C++\TEXTFILEINFO\TEXTFILEINFO\DEBUG\VC100.PDB
C:\USERS\ROBERT\DROPBOX\CODE\C++\TEXTFILEINFO\TEXTFILEINFO\DEBUG\TEXTFILEINFO.OBJ
C:\USERS\ROBERT\DROPBOX\CODE\C++\TEXTFILEINFO\TEXTFILEINFO\DEBUG\VC100.PDB
C:\USERS\ROBERT\PROGRAMMING-EXPERIMENTS\LANGUAGES\C++\TEXTFILEINFO\DEBUG\TEXTFILEINFO.ILK
C:\USERS\ROBERT\PROGRAMMING-EXPERIMENTS\LANGUAGES\C++\TEXTFILEINFO\DEBUG\TEXTFILEINFO.EXE
C:\USERS\ROBERT\PROGRAMMING-EXPERIMENTS\LANGUAGES\C++\TEXTFILEINFO\TEXTFILEINFO\DEBUG\TEXTFILEINFO.EXE.INTERMEDIATE.MANIFEST
C:\USERS\ROBERT\PROGRAMMING-EXPERIMENTS\LANGUAGES\C++\TEXTFILEINFO\DEBUG\TEXTFILEINFO.PDB
C:\USERS\ROBERT\DROPBOX\CODE\C++\TEXTFILEINFO\DEBUG\TEXTFILEINFO.ILK
C:\USERS\ROBERT\DROPBOX\CODE\C++\TEXTFILEINFO\DEBUG\TEXTFILEINFO.EXE
C:\USERS\ROBERT\DROPBOX\CODE\C++\TEXTFILEINFO\TEXTFILEINFO\DEBUG\TEXTFILEINFO.EXE.INTERMEDIATE.MANIFEST
C:\USERS\ROBERT\DROPBOX\CODE\C++\TEXTFILEINFO\DEBUG\TEXTFILEINFO.PDB
C:\Users\Robert\Dropbox\code\C++\TextFileInfo\TextFileInfo\Debug\TextFileInfo.obj
C:\Users\Robert\Dropbox\code\C++\TextFileInfo\TextFileInfo\Debug\cl.command.1.tlog
C:\Users\Robert\Dropbox\code\C++\TextFileInfo\TextFileInfo\Debug\CL.read.1.tlog
C:\Users\Robert\Dropbox\code\C++\TextFileInfo\TextFileInfo\Debug\CL.write.1.tlog
C:\Users\Robert\Dropbox\code\C++\TextFileInfo\TextFileInfo\Debug\link.command.1.tlog
C:\Users\Robert\Dropbox\code\C++\TextFileInfo\TextFileInfo\Debug\link.read.1.tlog
C:\Users\Robert\Dropbox\code\C++\TextFileInfo\TextFileInfo\Debug\link.write.1.tlog
C:\Users\Robert\Dropbox\code\C++\TextFileInfo\TextFileInfo\Debug\mt.command.1.tlog
C:\Users\Robert\Dropbox\code\C++\TextFileInfo\TextFileInfo\Debug\mt.read.1.tlog
C:\Users\Robert\Dropbox\code\C++\TextFileInfo\TextFileInfo\Debug\mt.write.1.tlog
C:\Users\Robert\Dropbox\code\C++\TextFileInfo\TextFileInfo\Debug\TextFileInfo.exe.intermediate.manifest
C:\Users\Robert\Dropbox\code\C++\TextFileInfo\TextFileInfo\Debug\vc100.idb
C:\Users\Robert\Dropbox\code\C++\TextFileInfo\TextFileInfo\Debug\vc100.pdb
C:\Users\Robert\Dropbox\code\C++\TextFileInfo\Debug\TextFileInfo.pdb
C:\Users\Robert\Dropbox\code\C++\TextFileInfo\Debug\TextFileInfo.exe
C:\Users\Robert\Dropbox\code\C++\TextFileInfo\Debug\TextFileInfo.ilk
