C:\USERS\ROBERT\DROPBOX\CODE\C++\BOOSTLAMBDAS\BOOSTLAMBDAS\DEBUG\PROGRAM.OBJ
C:\USERS\ROBERT\DROPBOX\CODE\C++\BOOSTLAMBDAS\BOOSTLAMBDAS\DEBUG\VC110.PDB
C:\USERS\ROBERT\DROPBOX\CODE\C++\BOOSTLAMBDAS\DEBUG\BOOSTLAMBDAS.ILK
C:\USERS\ROBERT\DROPBOX\CODE\C++\BOOSTLAMBDAS\DEBUG\BOOSTLAMBDAS.EXE
C:\USERS\ROBERT\DROPBOX\CODE\C++\BOOSTLAMBDAS\DEBUG\BOOSTLAMBDAS.PDB
C:\Users\Robert\Dropbox\code\C++\BoostLambdas\BoostLambdas\Debug\Program.obj
C:\Users\Robert\Dropbox\code\C++\BoostLambdas\BoostLambdas\Debug\cl.command.1.tlog
C:\Users\Robert\Dropbox\code\C++\BoostLambdas\BoostLambdas\Debug\CL.read.1.tlog
C:\Users\Robert\Dropbox\code\C++\BoostLambdas\BoostLambdas\Debug\CL.write.1.tlog
C:\Users\Robert\Dropbox\code\C++\BoostLambdas\BoostLambdas\Debug\link-cvtres.read.1.tlog
C:\Users\Robert\Dropbox\code\C++\BoostLambdas\BoostLambdas\Debug\link-cvtres.write.1.tlog
C:\Users\Robert\Dropbox\code\C++\BoostLambdas\BoostLambdas\Debug\link-rc.read.1.tlog
C:\Users\Robert\Dropbox\code\C++\BoostLambdas\BoostLambdas\Debug\link-rc.write.1.tlog
C:\Users\Robert\Dropbox\code\C++\BoostLambdas\BoostLambdas\Debug\link.command.1.tlog
C:\Users\Robert\Dropbox\code\C++\BoostLambdas\BoostLambdas\Debug\link.read.1.tlog
C:\Users\Robert\Dropbox\code\C++\BoostLambdas\BoostLambdas\Debug\link.write.1.tlog
C:\Users\Robert\Dropbox\code\C++\BoostLambdas\BoostLambdas\Debug\vc110.idb
C:\Users\Robert\Dropbox\code\C++\BoostLambdas\BoostLambdas\Debug\vc110.pdb
C:\Users\Robert\Dropbox\code\C++\BoostLambdas\Debug\BoostLambdas.pdb
C:\Users\Robert\Dropbox\code\C++\BoostLambdas\Debug\BoostLambdas.exe
C:\Users\Robert\Dropbox\code\C++\BoostLambdas\Debug\BoostLambdas.ilk
