C:\USERS\ROBERT\PROGRAMMING-EXPERIMENTS\LANGUAGES\C++\SQUAREBINOMIALOFDEGREE1\SQUAREBINOMIALOFDEGREE1\DEBUG\MAIN.OBJ
C:\USERS\ROBERT\PROGRAMMING-EXPERIMENTS\LANGUAGES\C++\SQUAREBINOMIALOFDEGREE1\SQUAREBINOMIALOFDEGREE1\DEBUG\VC100.PDB
C:\USERS\ROBERT\DROPBOX\CODE\C++\SQUAREBINOMIALOFDEGREE1\SQUAREBINOMIALOFDEGREE1\DEBUG\MAIN.OBJ
C:\USERS\ROBERT\DROPBOX\CODE\C++\SQUAREBINOMIALOFDEGREE1\SQUAREBINOMIALOFDEGREE1\DEBUG\VC100.PDB
C:\USERS\ROBERT\PROGRAMMING-EXPERIMENTS\LANGUAGES\C++\SQUAREBINOMIALOFDEGREE1\DEBUG\SQUAREBINOMIALOFDEGREE1.ILK
C:\USERS\ROBERT\PROGRAMMING-EXPERIMENTS\LANGUAGES\C++\SQUAREBINOMIALOFDEGREE1\DEBUG\SQUAREBINOMIALOFDEGREE1.EXE
C:\USERS\ROBERT\PROGRAMMING-EXPERIMENTS\LANGUAGES\C++\SQUAREBINOMIALOFDEGREE1\SQUAREBINOMIALOFDEGREE1\DEBUG\SQUAREBINOMIALOFDEGREE1.EXE.INTERMEDIATE.MANIFEST
C:\USERS\ROBERT\PROGRAMMING-EXPERIMENTS\LANGUAGES\C++\SQUAREBINOMIALOFDEGREE1\DEBUG\SQUAREBINOMIALOFDEGREE1.PDB
C:\USERS\ROBERT\DROPBOX\CODE\C++\SQUAREBINOMIALOFDEGREE1\DEBUG\SQUAREBINOMIALOFDEGREE1.ILK
C:\USERS\ROBERT\DROPBOX\CODE\C++\SQUAREBINOMIALOFDEGREE1\DEBUG\SQUAREBINOMIALOFDEGREE1.EXE
C:\USERS\ROBERT\DROPBOX\CODE\C++\SQUAREBINOMIALOFDEGREE1\SQUAREBINOMIALOFDEGREE1\DEBUG\SQUAREBINOMIALOFDEGREE1.EXE.INTERMEDIATE.MANIFEST
C:\USERS\ROBERT\DROPBOX\CODE\C++\SQUAREBINOMIALOFDEGREE1\DEBUG\SQUAREBINOMIALOFDEGREE1.PDB
C:\Users\Robert\Dropbox\code\C++\SquareBinomialOfDegree1\SquareBinomialOfDegree1\Debug\Main.obj
C:\Users\Robert\Dropbox\code\C++\SquareBinomialOfDegree1\SquareBinomialOfDegree1\Debug\cl.command.1.tlog
C:\Users\Robert\Dropbox\code\C++\SquareBinomialOfDegree1\SquareBinomialOfDegree1\Debug\CL.read.1.tlog
C:\Users\Robert\Dropbox\code\C++\SquareBinomialOfDegree1\SquareBinomialOfDegree1\Debug\CL.write.1.tlog
C:\Users\Robert\Dropbox\code\C++\SquareBinomialOfDegree1\SquareBinomialOfDegree1\Debug\link.command.1.tlog
C:\Users\Robert\Dropbox\code\C++\SquareBinomialOfDegree1\SquareBinomialOfDegree1\Debug\link.read.1.tlog
C:\Users\Robert\Dropbox\code\C++\SquareBinomialOfDegree1\SquareBinomialOfDegree1\Debug\link.write.1.tlog
C:\Users\Robert\Dropbox\code\C++\SquareBinomialOfDegree1\SquareBinomialOfDegree1\Debug\mt.command.1.tlog
C:\Users\Robert\Dropbox\code\C++\SquareBinomialOfDegree1\SquareBinomialOfDegree1\Debug\mt.read.1.tlog
C:\Users\Robert\Dropbox\code\C++\SquareBinomialOfDegree1\SquareBinomialOfDegree1\Debug\mt.write.1.tlog
C:\Users\Robert\Dropbox\code\C++\SquareBinomialOfDegree1\SquareBinomialOfDegree1\Debug\SquareBinomialOfDegree1.exe.intermediate.manifest
C:\Users\Robert\Dropbox\code\C++\SquareBinomialOfDegree1\SquareBinomialOfDegree1\Debug\vc100.idb
C:\Users\Robert\Dropbox\code\C++\SquareBinomialOfDegree1\SquareBinomialOfDegree1\Debug\vc100.pdb
C:\Users\Robert\Dropbox\code\C++\SquareBinomialOfDegree1\Debug\SquareBinomialOfDegree1.pdb
C:\Users\Robert\Dropbox\code\C++\SquareBinomialOfDegree1\Debug\SquareBinomialOfDegree1.exe
C:\Users\Robert\Dropbox\code\C++\SquareBinomialOfDegree1\Debug\SquareBinomialOfDegree1.ilk
