Build started 2013-05-19 14:35:28.
     1>Project "C:\Users\Robert\Dropbox\code\C++\SquareBinomialOfDegree1\SquareBinomialOfDegree1\SquareBinomialOfDegree1.vcxproj" on node 2 (build target(s)).
     1>InitializeBuildStatus:
         Creating "Release\SquareBinomialOfDegree1.unsuccessfulbuild" because "AlwaysCreate" was specified.
       ClCompile:
         C:\Program Files (x86)\Microsoft Visual Studio 10.0\VC\bin\CL.exe /c /Zi /nologo /W3 /WX- /O2 /Oi /Oy- /GL /D _MBCS /Gm- /EHsc /MD /GS /Gy /fp:precise /Zc:wchar_t /Zc:forScope /Fo"Release\\" /Fd"Release\vc100.pdb" /Gd /TP /analyze- /errorReport:prompt Main.cpp
         Main.cpp
       Link:
         C:\Program Files (x86)\Microsoft Visual Studio 10.0\VC\bin\link.exe /ERRORREPORT:PROMPT /OUT:"C:\Users\Robert\Dropbox\code\C++\SquareBinomialOfDegree1\Release\SquareBinomialOfDegree1.exe" /NOLOGO kernel32.lib user32.lib gdi32.lib winspool.lib comdlg32.lib advapi32.lib shell32.lib ole32.lib oleaut32.lib uuid.lib odbc32.lib odbccp32.lib /MANIFEST /ManifestFile:"Release\SquareBinomialOfDegree1.exe.intermediate.manifest" /MANIFESTUAC:"level='asInvoker' uiAccess='false'" /DEBUG /PDB:"C:\Users\Robert\Dropbox\code\C++\SquareBinomialOfDegree1\Release\SquareBinomialOfDegree1.pdb" /OPT:REF /OPT:ICF /LTCG /TLBID:1 /DYNAMICBASE /NXCOMPAT /IMPLIB:"C:\Users\Robert\Dropbox\code\C++\SquareBinomialOfDegree1\Release\SquareBinomialOfDegree1.lib" /MACHINE:X86 Release\Main.obj
         Generating code
         Finished generating code
         SquareBinomialOfDegree1.vcxproj -> C:\Users\Robert\Dropbox\code\C++\SquareBinomialOfDegree1\Release\SquareBinomialOfDegree1.exe
       Manifest:
         C:\Program Files (x86)\Microsoft SDKs\Windows\v7.0A\bin\mt.exe /nologo /verbose /outputresource:"C:\Users\Robert\Dropbox\code\C++\SquareBinomialOfDegree1\Release\SquareBinomialOfDegree1.exe;#1" /manifest Release\SquareBinomialOfDegree1.exe.intermediate.manifest
       FinalizeBuildStatus:
         Deleting file "Release\SquareBinomialOfDegree1.unsuccessfulbuild".
         Touching "Release\SquareBinomialOfDegree1.lastbuildstate".
     1>Done Building Project "C:\Users\Robert\Dropbox\code\C++\SquareBinomialOfDegree1\SquareBinomialOfDegree1\SquareBinomialOfDegree1.vcxproj" (build target(s)).

Build succeeded.

Time Elapsed 00:00:01.83
