C:\USERS\ROBERT\PROGRAMMING-EXPERIMENTS\LANGUAGES\C++\TEXTFILEINFO\COUNTWINDOWSLINES\DEBUG\COUNTWINDOWSLINES.OBJ
C:\USERS\ROBERT\PROGRAMMING-EXPERIMENTS\LANGUAGES\C++\TEXTFILEINFO\COUNTWINDOWSLINES\DEBUG\VC100.PDB
C:\USERS\ROBERT\PROGRAMMING-EXPERIMENTS\LANGUAGES\C++\TEXTFILEINFO\DEBUG\COUNTWINDOWSLINES.ILK
C:\USERS\ROBERT\PROGRAMMING-EXPERIMENTS\LANGUAGES\C++\TEXTFILEINFO\DEBUG\COUNTWINDOWSLINES.EXE
C:\USERS\ROBERT\PROGRAMMING-EXPERIMENTS\LANGUAGES\C++\TEXTFILEINFO\COUNTWINDOWSLINES\DEBUG\COUNTWINDOWSLINES.EXE.INTERMEDIATE.MANIFEST
C:\USERS\ROBERT\PROGRAMMING-EXPERIMENTS\LANGUAGES\C++\TEXTFILEINFO\DEBUG\COUNTWINDOWSLINES.PDB
C:\Users\Robert\Dropbox\code\C++\TextFileInfo\CountWindowsLines\Debug\CountWindowsLines.obj
C:\Users\Robert\Dropbox\code\C++\TextFileInfo\CountWindowsLines\Debug\cl.command.1.tlog
C:\Users\Robert\Dropbox\code\C++\TextFileInfo\CountWindowsLines\Debug\CL.read.1.tlog
C:\Users\Robert\Dropbox\code\C++\TextFileInfo\CountWindowsLines\Debug\CL.write.1.tlog
C:\Users\Robert\Dropbox\code\C++\TextFileInfo\CountWindowsLines\Debug\link.command.1.tlog
C:\Users\Robert\Dropbox\code\C++\TextFileInfo\CountWindowsLines\Debug\link.read.1.tlog
C:\Users\Robert\Dropbox\code\C++\TextFileInfo\CountWindowsLines\Debug\link.write.1.tlog
C:\Users\Robert\Dropbox\code\C++\TextFileInfo\CountWindowsLines\Debug\mt.command.1.tlog
C:\Users\Robert\Dropbox\code\C++\TextFileInfo\CountWindowsLines\Debug\mt.read.1.tlog
C:\Users\Robert\Dropbox\code\C++\TextFileInfo\CountWindowsLines\Debug\mt.write.1.tlog
C:\Users\Robert\Dropbox\code\C++\TextFileInfo\CountWindowsLines\Debug\CountWindowsLines.exe.intermediate.manifest
C:\Users\Robert\Dropbox\code\C++\TextFileInfo\CountWindowsLines\Debug\vc100.idb
C:\Users\Robert\Dropbox\code\C++\TextFileInfo\CountWindowsLines\Debug\vc100.pdb
C:\Users\Robert\Dropbox\code\C++\TextFileInfo\Debug\CountWindowsLines.pdb
C:\Users\Robert\Dropbox\code\C++\TextFileInfo\Debug\CountWindowsLines.exe
C:\Users\Robert\Dropbox\code\C++\TextFileInfo\Debug\CountWindowsLines.ilk
