C:\USERS\ROBERT\PROGRAMMING-EXPERIMENTS\LANGUAGES\C++\HELLOWORLD\HELLOWORLD\DEBUG\HELLOWORLD.OBJ
C:\USERS\ROBERT\PROGRAMMING-EXPERIMENTS\LANGUAGES\C++\HELLOWORLD\HELLOWORLD\DEBUG\VC100.PDB
C:\USERS\ROBERT\DROPBOX\CODE\C++\HELLOWORLD\HELLOWORLD\DEBUG\HELLOWORLD.OBJ
C:\USERS\ROBERT\DROPBOX\CODE\C++\HELLOWORLD\HELLOWORLD\DEBUG\VC110.PDB
C:\USERS\ROBERT\PROGRAMMING-EXPERIMENTS\LANGUAGES\C++\HELLOWORLD\DEBUG\HELLOWORLD.ILK
C:\USERS\ROBERT\PROGRAMMING-EXPERIMENTS\LANGUAGES\C++\HELLOWORLD\DEBUG\HELLOWORLD.EXE
C:\USERS\ROBERT\PROGRAMMING-EXPERIMENTS\LANGUAGES\C++\HELLOWORLD\HELLOWORLD\DEBUG\HELLOWORLD.EXE.INTERMEDIATE.MANIFEST
C:\USERS\ROBERT\PROGRAMMING-EXPERIMENTS\LANGUAGES\C++\HELLOWORLD\DEBUG\HELLOWORLD.PDB
C:\USERS\ROBERT\PROGRAMMING-EXPERIMENTS\LANGUAGES\C++\HELLOWORLD\HELLOWORLD\DEBUG\HELLOWORLD.EXE.EMBED.MANIFEST
C:\USERS\ROBERT\PROGRAMMING-EXPERIMENTS\LANGUAGES\C++\HELLOWORLD\HELLOWORLD\DEBUG\HELLOWORLD.EXE.EMBED.MANIFEST.RES
C:\Users\Robert\Dropbox\code\C++\HelloWorld\HelloWorld\Debug\HelloWorld.obj
C:\Users\Robert\Dropbox\code\C++\HelloWorld\HelloWorld\Debug\cl.command.1.tlog
C:\Users\Robert\Dropbox\code\C++\HelloWorld\HelloWorld\Debug\CL.read.1.tlog
C:\Users\Robert\Dropbox\code\C++\HelloWorld\HelloWorld\Debug\CL.write.1.tlog
C:\Users\Robert\Dropbox\code\C++\HelloWorld\HelloWorld\Debug\link-cvtres.read.1.tlog
C:\Users\Robert\Dropbox\code\C++\HelloWorld\HelloWorld\Debug\link-cvtres.write.1.tlog
C:\Users\Robert\Dropbox\code\C++\HelloWorld\HelloWorld\Debug\link-rc.read.1.tlog
C:\Users\Robert\Dropbox\code\C++\HelloWorld\HelloWorld\Debug\link-rc.write.1.tlog
C:\Users\Robert\Dropbox\code\C++\HelloWorld\HelloWorld\Debug\link.4856-cvtres.read.1.tlog
C:\Users\Robert\Dropbox\code\C++\HelloWorld\HelloWorld\Debug\link.4856-cvtres.write.1.tlog
C:\Users\Robert\Dropbox\code\C++\HelloWorld\HelloWorld\Debug\link.4856.read.1.tlog
C:\Users\Robert\Dropbox\code\C++\HelloWorld\HelloWorld\Debug\link.4856.write.1.tlog
C:\Users\Robert\Dropbox\code\C++\HelloWorld\HelloWorld\Debug\link.command.1.tlog
C:\Users\Robert\Dropbox\code\C++\HelloWorld\HelloWorld\Debug\link.read.1.tlog
C:\Users\Robert\Dropbox\code\C++\HelloWorld\HelloWorld\Debug\link.write.1.tlog
C:\Users\Robert\Dropbox\code\C++\HelloWorld\HelloWorld\Debug\mt.command.1.tlog
C:\Users\Robert\Dropbox\code\C++\HelloWorld\HelloWorld\Debug\mt.read.1.tlog
C:\Users\Robert\Dropbox\code\C++\HelloWorld\HelloWorld\Debug\mt.write.1.tlog
C:\Users\Robert\Dropbox\code\C++\HelloWorld\HelloWorld\Debug\rc.command.1.tlog
C:\Users\Robert\Dropbox\code\C++\HelloWorld\HelloWorld\Debug\rc.read.1.tlog
C:\Users\Robert\Dropbox\code\C++\HelloWorld\HelloWorld\Debug\rc.write.1.tlog
C:\Users\Robert\Dropbox\code\C++\HelloWorld\HelloWorld\Debug\HelloWorld.exe.embed.manifest
C:\Users\Robert\Dropbox\code\C++\HelloWorld\HelloWorld\Debug\HelloWorld.exe.intermediate.manifest
C:\Users\Robert\Dropbox\code\C++\HelloWorld\HelloWorld\Debug\HelloWorld.exe.embed.manifest.res
C:\Users\Robert\Dropbox\code\C++\HelloWorld\HelloWorld\Debug\vc100.idb
C:\Users\Robert\Dropbox\code\C++\HelloWorld\HelloWorld\Debug\vc110.idb
C:\Users\Robert\Dropbox\code\C++\HelloWorld\HelloWorld\Debug\vc100.pdb
C:\Users\Robert\Dropbox\code\C++\HelloWorld\HelloWorld\Debug\vc110.pdb
C:\Users\Robert\Dropbox\code\C++\HelloWorld\HelloWorld\Debug\HelloWorld_manifest.rc
C:\Users\Robert\Dropbox\code\C++\HelloWorld\Debug\HelloWorld.pdb
